# Logfile created on 2014-08-01 01:19:21 -0600 by logger.rb/41954
I, [2014-08-01T01:19:21.334335 #2227]  INFO -- : 0:  rake (10.3.2) from /Users/amontano/.rvm/gems/ruby-2.0.0-p353@rails4/specifications/rake-10.3.2.gemspec
I, [2014-08-01T01:19:21.334662 #2227]  INFO -- : 0:  i18n (0.6.11) from /Users/amontano/.rvm/gems/ruby-2.0.0-p353@rails4/specifications/i18n-0.6.11.gemspec
I, [2014-08-01T01:19:21.334913 #2227]  INFO -- : 0:  minitest (4.7.5) from /Users/amontano/.rvm/gems/ruby-2.0.0-p353@rails4/specifications/minitest-4.7.5.gemspec
I, [2014-08-01T01:19:21.335208 #2227]  INFO -- : 0:  multi_json (1.10.1) from /Users/amontano/.rvm/gems/ruby-2.0.0-p353@rails4/specifications/multi_json-1.10.1.gemspec
I, [2014-08-01T01:19:21.335506 #2227]  INFO -- : 0:  thread_safe (0.3.4) from /Users/amontano/.rvm/gems/ruby-2.0.0-p353@rails4/specifications/thread_safe-0.3.4.gemspec
I, [2014-08-01T01:19:21.335773 #2227]  INFO -- : 0:  tzinfo (0.3.40) from /Users/amontano/.rvm/gems/ruby-2.0.0-p353@rails4/specifications/tzinfo-0.3.40.gemspec
I, [2014-08-01T01:19:21.336026 #2227]  INFO -- : 0:  activesupport (4.0.8) from /Users/amontano/.rvm/gems/ruby-2.0.0-p353@rails4/specifications/activesupport-4.0.8.gemspec
I, [2014-08-01T01:19:21.336237 #2227]  INFO -- : 0:  builder (3.1.4) from /Users/amontano/.rvm/gems/ruby-2.0.0-p353@rails4/specifications/builder-3.1.4.gemspec
I, [2014-08-01T01:19:21.336488 #2227]  INFO -- : 0:  erubis (2.7.0) from /Users/amontano/.rvm/gems/ruby-2.0.0-p353@rails4/specifications/erubis-2.7.0.gemspec
I, [2014-08-01T01:19:21.336739 #2227]  INFO -- : 0:  rack (1.5.2) from /Users/amontano/.rvm/gems/ruby-2.0.0-p353@rails4/specifications/rack-1.5.2.gemspec
I, [2014-08-01T01:19:21.336985 #2227]  INFO -- : 0:  rack-test (0.6.2) from /Users/amontano/.rvm/gems/ruby-2.0.0-p353@rails4/specifications/rack-test-0.6.2.gemspec
I, [2014-08-01T01:19:21.337234 #2227]  INFO -- : 0:  actionpack (4.0.8) from /Users/amontano/.rvm/gems/ruby-2.0.0-p353@rails4/specifications/actionpack-4.0.8.gemspec
I, [2014-08-01T01:19:21.337476 #2227]  INFO -- : 0:  mime-types (1.25.1) from /Users/amontano/.rvm/gems/ruby-2.0.0-p353@rails4/specifications/mime-types-1.25.1.gemspec
I, [2014-08-01T01:19:21.337728 #2227]  INFO -- : 0:  polyglot (0.3.5) from /Users/amontano/.rvm/gems/ruby-2.0.0-p353@rails4/specifications/polyglot-0.3.5.gemspec
I, [2014-08-01T01:19:21.337978 #2227]  INFO -- : 0:  treetop (1.4.15) from /Users/amontano/.rvm/gems/ruby-2.0.0-p353@rails4/specifications/treetop-1.4.15.gemspec
I, [2014-08-01T01:19:21.338222 #2227]  INFO -- : 0:  mail (2.5.4) from /Users/amontano/.rvm/gems/ruby-2.0.0-p353@rails4/specifications/mail-2.5.4.gemspec
I, [2014-08-01T01:19:21.338469 #2227]  INFO -- : 0:  actionmailer (4.0.8) from /Users/amontano/.rvm/gems/ruby-2.0.0-p353@rails4/specifications/actionmailer-4.0.8.gemspec
I, [2014-08-01T01:19:21.338720 #2227]  INFO -- : 0:  activemodel (4.0.8) from /Users/amontano/.rvm/gems/ruby-2.0.0-p353@rails4/specifications/activemodel-4.0.8.gemspec
I, [2014-08-01T01:19:21.338973 #2227]  INFO -- : 0:  activerecord-deprecated_finders (1.0.3) from /Users/amontano/.rvm/gems/ruby-2.0.0-p353@rails4/specifications/activerecord-deprecated_finders-1.0.3.gemspec
I, [2014-08-01T01:19:21.339224 #2227]  INFO -- : 0:  arel (4.0.2) from /Users/amontano/.rvm/gems/ruby-2.0.0-p353@rails4/specifications/arel-4.0.2.gemspec
I, [2014-08-01T01:19:21.339477 #2227]  INFO -- : 0:  activerecord (4.0.8) from /Users/amontano/.rvm/gems/ruby-2.0.0-p353@rails4/specifications/activerecord-4.0.8.gemspec
I, [2014-08-01T01:19:21.339722 #2227]  INFO -- : 0:  bundler (1.5.1) from /Users/amontano/.rvm/gems/ruby-2.0.0-p353@global/specifications/bundler-1.5.1.gemspec
I, [2014-08-01T01:19:21.339955 #2227]  INFO -- : 0:  hike (1.2.3) from /Users/amontano/.rvm/gems/ruby-2.0.0-p353@rails4/specifications/hike-1.2.3.gemspec
I, [2014-08-01T01:19:21.340227 #2227]  INFO -- : 0:  thor (0.19.1) from /Users/amontano/.rvm/gems/ruby-2.0.0-p353@rails4/specifications/thor-0.19.1.gemspec
I, [2014-08-01T01:19:21.340494 #2227]  INFO -- : 0:  railties (4.0.8) from /Users/amontano/.rvm/gems/ruby-2.0.0-p353@rails4/specifications/railties-4.0.8.gemspec
I, [2014-08-01T01:19:21.340740 #2227]  INFO -- : 0:  jquery-rails (3.1.1) from /Users/amontano/.rvm/gems/ruby-2.0.0-p353@rails4/specifications/jquery-rails-3.1.1.gemspec
I, [2014-08-01T01:19:21.340998 #2227]  INFO -- : 0:  tilt (1.4.1) from /Users/amontano/.rvm/gems/ruby-2.0.0-p353@rails4/specifications/tilt-1.4.1.gemspec
I, [2014-08-01T01:19:21.341262 #2227]  INFO -- : 0:  sprockets (2.12.1) from /Users/amontano/.rvm/gems/ruby-2.0.0-p353@rails4/specifications/sprockets-2.12.1.gemspec
I, [2014-08-01T01:19:21.341506 #2227]  INFO -- : 0:  sprockets-rails (2.1.3) from /Users/amontano/.rvm/gems/ruby-2.0.0-p353@rails4/specifications/sprockets-rails-2.1.3.gemspec
I, [2014-08-01T01:19:21.341747 #2227]  INFO -- : 0:  rails (4.0.8) from /Users/amontano/.rvm/gems/ruby-2.0.0-p353@rails4/specifications/rails-4.0.8.gemspec
I, [2014-08-01T01:19:21.405967 #2227]  INFO -- : 0:  places_engine (3.7.9) from /Users/amontano/Workspaces/rails/master/thl/engines/places_engine/places_engine.gemspec
I, [2014-08-01T01:23:10.886590 #2450]  INFO -- : 0:  rake (10.3.2) from /Users/amontano/.rvm/gems/ruby-2.0.0-p353@rails4/specifications/rake-10.3.2.gemspec
I, [2014-08-01T01:23:10.887106 #2450]  INFO -- : 0:  i18n (0.6.11) from /Users/amontano/.rvm/gems/ruby-2.0.0-p353@rails4/specifications/i18n-0.6.11.gemspec
I, [2014-08-01T01:23:10.887525 #2450]  INFO -- : 0:  minitest (4.7.5) from /Users/amontano/.rvm/gems/ruby-2.0.0-p353@rails4/specifications/minitest-4.7.5.gemspec
I, [2014-08-01T01:23:10.887802 #2450]  INFO -- : 0:  multi_json (1.10.1) from /Users/amontano/.rvm/gems/ruby-2.0.0-p353@rails4/specifications/multi_json-1.10.1.gemspec
I, [2014-08-01T01:23:10.888027 #2450]  INFO -- : 0:  thread_safe (0.3.4) from /Users/amontano/.rvm/gems/ruby-2.0.0-p353@rails4/specifications/thread_safe-0.3.4.gemspec
I, [2014-08-01T01:23:10.888290 #2450]  INFO -- : 0:  tzinfo (0.3.40) from /Users/amontano/.rvm/gems/ruby-2.0.0-p353@rails4/specifications/tzinfo-0.3.40.gemspec
I, [2014-08-01T01:23:10.888579 #2450]  INFO -- : 0:  activesupport (4.0.8) from /Users/amontano/.rvm/gems/ruby-2.0.0-p353@rails4/specifications/activesupport-4.0.8.gemspec
I, [2014-08-01T01:23:10.888839 #2450]  INFO -- : 0:  builder (3.1.4) from /Users/amontano/.rvm/gems/ruby-2.0.0-p353@rails4/specifications/builder-3.1.4.gemspec
I, [2014-08-01T01:23:10.889088 #2450]  INFO -- : 0:  erubis (2.7.0) from /Users/amontano/.rvm/gems/ruby-2.0.0-p353@rails4/specifications/erubis-2.7.0.gemspec
I, [2014-08-01T01:23:10.889346 #2450]  INFO -- : 0:  rack (1.5.2) from /Users/amontano/.rvm/gems/ruby-2.0.0-p353@rails4/specifications/rack-1.5.2.gemspec
I, [2014-08-01T01:23:10.889600 #2450]  INFO -- : 0:  rack-test (0.6.2) from /Users/amontano/.rvm/gems/ruby-2.0.0-p353@rails4/specifications/rack-test-0.6.2.gemspec
I, [2014-08-01T01:23:10.889856 #2450]  INFO -- : 0:  actionpack (4.0.8) from /Users/amontano/.rvm/gems/ruby-2.0.0-p353@rails4/specifications/actionpack-4.0.8.gemspec
I, [2014-08-01T01:23:10.890109 #2450]  INFO -- : 0:  mime-types (1.25.1) from /Users/amontano/.rvm/gems/ruby-2.0.0-p353@rails4/specifications/mime-types-1.25.1.gemspec
I, [2014-08-01T01:23:10.890333 #2450]  INFO -- : 0:  polyglot (0.3.5) from /Users/amontano/.rvm/gems/ruby-2.0.0-p353@rails4/specifications/polyglot-0.3.5.gemspec
I, [2014-08-01T01:23:10.890586 #2450]  INFO -- : 0:  treetop (1.4.15) from /Users/amontano/.rvm/gems/ruby-2.0.0-p353@rails4/specifications/treetop-1.4.15.gemspec
I, [2014-08-01T01:23:10.890849 #2450]  INFO -- : 0:  mail (2.5.4) from /Users/amontano/.rvm/gems/ruby-2.0.0-p353@rails4/specifications/mail-2.5.4.gemspec
I, [2014-08-01T01:23:10.891111 #2450]  INFO -- : 0:  actionmailer (4.0.8) from /Users/amontano/.rvm/gems/ruby-2.0.0-p353@rails4/specifications/actionmailer-4.0.8.gemspec
I, [2014-08-01T01:23:10.891368 #2450]  INFO -- : 0:  activemodel (4.0.8) from /Users/amontano/.rvm/gems/ruby-2.0.0-p353@rails4/specifications/activemodel-4.0.8.gemspec
I, [2014-08-01T01:23:10.891626 #2450]  INFO -- : 0:  activerecord-deprecated_finders (1.0.3) from /Users/amontano/.rvm/gems/ruby-2.0.0-p353@rails4/specifications/activerecord-deprecated_finders-1.0.3.gemspec
I, [2014-08-01T01:23:10.891892 #2450]  INFO -- : 0:  arel (4.0.2) from /Users/amontano/.rvm/gems/ruby-2.0.0-p353@rails4/specifications/arel-4.0.2.gemspec
I, [2014-08-01T01:23:10.892157 #2450]  INFO -- : 0:  activerecord (4.0.8) from /Users/amontano/.rvm/gems/ruby-2.0.0-p353@rails4/specifications/activerecord-4.0.8.gemspec
I, [2014-08-01T01:23:10.892412 #2450]  INFO -- : 0:  bundler (1.5.1) from /Users/amontano/.rvm/gems/ruby-2.0.0-p353@global/specifications/bundler-1.5.1.gemspec
I, [2014-08-01T01:23:10.892703 #2450]  INFO -- : 0:  hike (1.2.3) from /Users/amontano/.rvm/gems/ruby-2.0.0-p353@rails4/specifications/hike-1.2.3.gemspec
I, [2014-08-01T01:23:10.892955 #2450]  INFO -- : 0:  thor (0.19.1) from /Users/amontano/.rvm/gems/ruby-2.0.0-p353@rails4/specifications/thor-0.19.1.gemspec
I, [2014-08-01T01:23:10.893261 #2450]  INFO -- : 0:  railties (4.0.8) from /Users/amontano/.rvm/gems/ruby-2.0.0-p353@rails4/specifications/railties-4.0.8.gemspec
I, [2014-08-01T01:23:10.893559 #2450]  INFO -- : 0:  jquery-rails (3.1.1) from /Users/amontano/.rvm/gems/ruby-2.0.0-p353@rails4/specifications/jquery-rails-3.1.1.gemspec
I, [2014-08-01T01:23:10.893849 #2450]  INFO -- : 0:  tilt (1.4.1) from /Users/amontano/.rvm/gems/ruby-2.0.0-p353@rails4/specifications/tilt-1.4.1.gemspec
I, [2014-08-01T01:23:10.894145 #2450]  INFO -- : 0:  sprockets (2.12.1) from /Users/amontano/.rvm/gems/ruby-2.0.0-p353@rails4/specifications/sprockets-2.12.1.gemspec
I, [2014-08-01T01:23:10.894434 #2450]  INFO -- : 0:  sprockets-rails (2.1.3) from /Users/amontano/.rvm/gems/ruby-2.0.0-p353@rails4/specifications/sprockets-rails-2.1.3.gemspec
I, [2014-08-01T01:23:10.894731 #2450]  INFO -- : 0:  rails (4.0.8) from /Users/amontano/.rvm/gems/ruby-2.0.0-p353@rails4/specifications/rails-4.0.8.gemspec
I, [2014-08-01T01:23:10.974961 #2450]  INFO -- : 0:  places_engine (3.7.9) from /Users/amontano/Workspaces/rails/master/thl/engines/places_engine/places_engine.gemspec
